2018-12-22 === [restartedMain] === INFO  === c.s.springboot.SpringBootWebRestfulcrudApplication ==== Starting SpringBootWebRestfulcrudApplication on PV-3 with PID 6936 (E:\java\git\demo\spring-boot-web-restfulcrud\spring-boot-web-restfulcrud\target\classes started by Administrator in E:\java\git\demo\spring-boot-web-restfulcrud\spring-boot-web-restfulcrud)
2018-12-22 === [restartedMain] === DEBUG === c.s.springboot.SpringBootWebRestfulcrudApplication ==== Running with Spring Boot v1.5.10.RELEASE, Spring v4.3.14.RELEASE
2018-12-22 === [restartedMain] === INFO  === c.s.springboot.SpringBootWebRestfulcrudApplication ==== No active profile set, falling back to default profiles: default
2018-12-22 === [restartedMain] === INFO  === o.s.b.c.e.AnnotationConfigEmbeddedWebApplicationContext ==== Refreshing org.springframework.boot.context.embedded.AnnotationConfigEmbeddedWebApplicationContext@3b3619e5: startup date [Sat Dec 22 21:46:17 CST 2018]; root of context hierarchy
2018-12-22 === [restartedMain] === INFO  === o.s.b.c.e.tomcat.TomcatEmbeddedServletContainer ==== Tomcat initialized with port(s): 8080 (http)
2018-12-22 === [restartedMain] === INFO  === org.apache.catalina.core.StandardService ==== Starting service [Tomcat]
2018-12-22 === [restartedMain] === INFO  === org.apache.catalina.core.StandardEngine ==== Starting Servlet Engine: Apache Tomcat/8.5.27
2018-12-22 === [localhost-startStop-1] === INFO  === o.a.c.c.C.[Tomcat-7].[localhost].[/crud] ==== Initializing Spring embedded WebApplicationContext
2018-12-22 === [localhost-startStop-1] === INFO  === org.springframework.web.context.ContextLoader ==== Root WebApplicationContext: initialization completed in 492 ms
2018-12-22 === [localhost-startStop-1] === INFO  === o.s.boot.web.servlet.ServletRegistrationBean ==== Mapping servlet: 'dispatcherServlet' to [/]
2018-12-22 === [localhost-startStop-1] === INFO  === o.s.boot.web.servlet.FilterRegistrationBean ==== Mapping filter: 'characterEncodingFilter' to: [/*]
2018-12-22 === [localhost-startStop-1] === INFO  === o.s.boot.web.servlet.FilterRegistrationBean ==== Mapping filter: 'hiddenHttpMethodFilter' to: [/*]
2018-12-22 === [localhost-startStop-1] === INFO  === o.s.boot.web.servlet.FilterRegistrationBean ==== Mapping filter: 'httpPutFormContentFilter' to: [/*]
2018-12-22 === [localhost-startStop-1] === INFO  === o.s.boot.web.servlet.FilterRegistrationBean ==== Mapping filter: 'requestContextFilter' to: [/*]
2018-12-22 === [restartedMain] === INFO  === o.s.w.s.m.m.a.RequestMappingHandlerAdapter ==== Looking for @ControllerAdvice: org.springframework.boot.context.embedded.AnnotationConfigEmbeddedWebApplicationContext@3b3619e5: startup date [Sat Dec 22 21:46:17 CST 2018]; root of context hierarchy
2018-12-22 === [restartedMain] === INFO  === o.s.w.s.m.m.a.RequestMappingHandlerMapping ==== Mapped "{[/emps],methods=[GET]}" onto public java.lang.String com.swdeve.springboot.controller.EmpController.list(org.springframework.ui.Model)
2018-12-22 === [restartedMain] === INFO  === o.s.w.s.m.m.a.RequestMappingHandlerMapping ==== Mapped "{[/success]}" onto public java.lang.String com.swdeve.springboot.controller.HelloController.success(java.util.Map<java.lang.String, java.lang.Object>)
2018-12-22 === [restartedMain] === INFO  === o.s.w.s.m.m.a.RequestMappingHandlerMapping ==== Mapped "{[/hello]}" onto public java.lang.String com.swdeve.springboot.controller.HelloController.hello()
2018-12-22 === [restartedMain] === INFO  === o.s.w.s.m.m.a.RequestMappingHandlerMapping ==== Mapped "{[/user/login],methods=[POST]}" onto public java.lang.String com.swdeve.springboot.controller.LoginController.dashboard(java.lang.String,java.lang.String,java.util.Map<java.lang.String, java.lang.Object>,javax.servlet.http.HttpSession)
2018-12-22 === [restartedMain] === INFO  === o.s.w.s.m.m.a.RequestMappingHandlerMapping ==== Mapped "{[/error]}" onto public org.springframework.http.ResponseEntity<java.util.Map<java.lang.String, java.lang.Object>> org.springframework.boot.autoconfigure.web.BasicErrorController.error(javax.servlet.http.HttpServletRequest)
2018-12-22 === [restartedMain] === INFO  === o.s.w.s.m.m.a.RequestMappingHandlerMapping ==== Mapped "{[/error],produces=[text/html]}" onto public org.springframework.web.servlet.ModelAndView org.springframework.boot.autoconfigure.web.BasicErrorController.errorHtml(javax.servlet.http.HttpServletRequest,javax.servlet.http.HttpServletResponse)
2018-12-22 === [restartedMain] === INFO  === o.s.web.servlet.handler.SimpleUrlHandlerMapping ==== Mapped URL path [/swdeve] onto handler of type [class org.springframework.web.servlet.mvc.ParameterizableViewController]
2018-12-22 === [restartedMain] === INFO  === o.s.web.servlet.handler.SimpleUrlHandlerMapping ==== Root mapping to handler of type [class org.springframework.web.servlet.mvc.ParameterizableViewController]
2018-12-22 === [restartedMain] === INFO  === o.s.web.servlet.handler.SimpleUrlHandlerMapping ==== Mapped URL path [/index] onto handler of type [class org.springframework.web.servlet.mvc.ParameterizableViewController]
2018-12-22 === [restartedMain] === INFO  === o.s.web.servlet.handler.SimpleUrlHandlerMapping ==== Mapped URL path [/index.html] onto handler of type [class org.springframework.web.servlet.mvc.ParameterizableViewController]
2018-12-22 === [restartedMain] === INFO  === o.s.web.servlet.handler.SimpleUrlHandlerMapping ==== Mapped URL path [/main.html] onto handler of type [class org.springframework.web.servlet.mvc.ParameterizableViewController]
2018-12-22 === [restartedMain] === INFO  === o.s.web.servlet.handler.SimpleUrlHandlerMapping ==== Mapped URL path [/webjars/**] onto handler of type [class org.springframework.web.servlet.resource.ResourceHttpRequestHandler]
2018-12-22 === [restartedMain] === INFO  === o.s.web.servlet.handler.SimpleUrlHandlerMapping ==== Mapped URL path [/**] onto handler of type [class org.springframework.web.servlet.resource.ResourceHttpRequestHandler]
2018-12-22 === [restartedMain] === INFO  === o.s.web.servlet.handler.SimpleUrlHandlerMapping ==== Mapped URL path [/**/favicon.ico] onto handler of type [class org.springframework.web.servlet.resource.ResourceHttpRequestHandler]
2018-12-22 === [restartedMain] === WARN  === org.thymeleaf.templatemode.TemplateMode ==== [THYMELEAF][restartedMain] Template Mode 'HTML5' is deprecated. Using Template Mode 'HTML' instead.
2018-12-22 === [restartedMain] === INFO  === o.s.b.a.w.WebMvcAutoConfiguration$WelcomePageHandlerMapping ==== Adding welcome page: class path resource [public/index.html]
2018-12-22 === [restartedMain] === INFO  === o.s.b.d.autoconfigure.OptionalLiveReloadServer ==== LiveReload server is running on port 35729
2018-12-22 === [restartedMain] === INFO  === o.s.jmx.export.annotation.AnnotationMBeanExporter ==== Registering beans for JMX exposure on startup
2018-12-22 === [restartedMain] === INFO  === o.s.b.c.e.tomcat.TomcatEmbeddedServletContainer ==== Tomcat started on port(s): 8080 (http)
2018-12-22 === [restartedMain] === INFO  === c.s.springboot.SpringBootWebRestfulcrudApplication ==== Started SpringBootWebRestfulcrudApplication in 0.824 seconds (JVM running for 14493.931)
2018-12-22 === [main] === INFO  === c.s.s.SpringBootWebRestfulcrudApplicationTests ==== Starting SpringBootWebRestfulcrudApplicationTests on PV-3 with PID 3864 (started by Administrator in E:\java\git\demo\spring-boot-web-restfulcrud\spring-boot-web-restfulcrud)
2018-12-22 === [main] === DEBUG === c.s.s.SpringBootWebRestfulcrudApplicationTests ==== Running with Spring Boot v1.5.10.RELEASE, Spring v4.3.14.RELEASE
2018-12-22 === [main] === INFO  === c.s.s.SpringBootWebRestfulcrudApplicationTests ==== No active profile set, falling back to default profiles: default
2018-12-22 === [main] === INFO  === o.s.w.context.support.GenericWebApplicationContext ==== Refreshing org.springframework.web.context.support.GenericWebApplicationContext@ed7f8b4: startup date [Sat Dec 22 21:47:16 CST 2018]; root of context hierarchy
2018-12-22 === [main] === INFO  === o.s.w.s.m.m.a.RequestMappingHandlerAdapter ==== Looking for @ControllerAdvice: org.springframework.web.context.support.GenericWebApplicationContext@ed7f8b4: startup date [Sat Dec 22 21:47:16 CST 2018]; root of context hierarchy
2018-12-22 === [main] === INFO  === o.s.w.s.m.m.a.RequestMappingHandlerMapping ==== Mapped "{[/emps],methods=[GET]}" onto public java.lang.String com.swdeve.springboot.controller.EmpController.list(org.springframework.ui.Model)
2018-12-22 === [main] === INFO  === o.s.w.s.m.m.a.RequestMappingHandlerMapping ==== Mapped "{[/success]}" onto public java.lang.String com.swdeve.springboot.controller.HelloController.success(java.util.Map<java.lang.String, java.lang.Object>)
2018-12-22 === [main] === INFO  === o.s.w.s.m.m.a.RequestMappingHandlerMapping ==== Mapped "{[/hello]}" onto public java.lang.String com.swdeve.springboot.controller.HelloController.hello()
2018-12-22 === [main] === INFO  === o.s.w.s.m.m.a.RequestMappingHandlerMapping ==== Mapped "{[/user/login],methods=[POST]}" onto public java.lang.String com.swdeve.springboot.controller.LoginController.dashboard(java.lang.String,java.lang.String,java.util.Map<java.lang.String, java.lang.Object>,javax.servlet.http.HttpSession)
2018-12-22 === [main] === INFO  === o.s.w.s.m.m.a.RequestMappingHandlerMapping ==== Mapped "{[/error]}" onto public org.springframework.http.ResponseEntity<java.util.Map<java.lang.String, java.lang.Object>> org.springframework.boot.autoconfigure.web.BasicErrorController.error(javax.servlet.http.HttpServletRequest)
2018-12-22 === [main] === INFO  === o.s.w.s.m.m.a.RequestMappingHandlerMapping ==== Mapped "{[/error],produces=[text/html]}" onto public org.springframework.web.servlet.ModelAndView org.springframework.boot.autoconfigure.web.BasicErrorController.errorHtml(javax.servlet.http.HttpServletRequest,javax.servlet.http.HttpServletResponse)
2018-12-22 === [main] === INFO  === o.s.web.servlet.handler.SimpleUrlHandlerMapping ==== Mapped URL path [/swdeve] onto handler of type [class org.springframework.web.servlet.mvc.ParameterizableViewController]
2018-12-22 === [main] === INFO  === o.s.web.servlet.handler.SimpleUrlHandlerMapping ==== Root mapping to handler of type [class org.springframework.web.servlet.mvc.ParameterizableViewController]
2018-12-22 === [main] === INFO  === o.s.web.servlet.handler.SimpleUrlHandlerMapping ==== Mapped URL path [/index] onto handler of type [class org.springframework.web.servlet.mvc.ParameterizableViewController]
2018-12-22 === [main] === INFO  === o.s.web.servlet.handler.SimpleUrlHandlerMapping ==== Mapped URL path [/index.html] onto handler of type [class org.springframework.web.servlet.mvc.ParameterizableViewController]
2018-12-22 === [main] === INFO  === o.s.web.servlet.handler.SimpleUrlHandlerMapping ==== Mapped URL path [/main.html] onto handler of type [class org.springframework.web.servlet.mvc.ParameterizableViewController]
2018-12-22 === [main] === INFO  === o.s.web.servlet.handler.SimpleUrlHandlerMapping ==== Mapped URL path [/webjars/**] onto handler of type [class org.springframework.web.servlet.resource.ResourceHttpRequestHandler]
2018-12-22 === [main] === INFO  === o.s.web.servlet.handler.SimpleUrlHandlerMapping ==== Mapped URL path [/**] onto handler of type [class org.springframework.web.servlet.resource.ResourceHttpRequestHandler]
2018-12-22 === [main] === INFO  === o.s.web.servlet.handler.SimpleUrlHandlerMapping ==== Mapped URL path [/**/favicon.ico] onto handler of type [class org.springframework.web.servlet.resource.ResourceHttpRequestHandler]
2018-12-22 === [main] === WARN  === org.thymeleaf.templatemode.TemplateMode ==== [THYMELEAF][main] Template Mode 'HTML5' is deprecated. Using Template Mode 'HTML' instead.
2018-12-22 === [main] === INFO  === o.s.b.a.w.WebMvcAutoConfiguration$WelcomePageHandlerMapping ==== Adding welcome page: ServletContext resource [/index.html]
2018-12-22 === [main] === INFO  === c.s.s.SpringBootWebRestfulcrudApplicationTests ==== Started SpringBootWebRestfulcrudApplicationTests in 5.89 seconds (JVM running for 7.105)
2018-12-22 === [main] === TRACE === c.s.s.SpringBootWebRestfulcrudApplicationTests ==== 这是trace日志...
2018-12-22 === [main] === DEBUG === c.s.s.SpringBootWebRestfulcrudApplicationTests ==== 这是debug日志...
2018-12-22 === [main] === INFO  === c.s.s.SpringBootWebRestfulcrudApplicationTests ==== 这是info日志...
2018-12-22 === [main] === WARN  === c.s.s.SpringBootWebRestfulcrudApplicationTests ==== 这是warn日志...
2018-12-22 === [main] === ERROR === c.s.s.SpringBootWebRestfulcrudApplicationTests ==== 这是error日志...
2018-12-22 === [Thread-3] === INFO  === o.s.w.context.support.GenericWebApplicationContext ==== Closing org.springframework.web.context.support.GenericWebApplicationContext@ed7f8b4: startup date [Sat Dec 22 21:47:16 CST 2018]; root of context hierarchy
2018-12-22 === [Thread-427] === INFO  === o.s.b.c.e.AnnotationConfigEmbeddedWebApplicationContext ==== Closing org.springframework.boot.context.embedded.AnnotationConfigEmbeddedWebApplicationContext@3b3619e5: startup date [Sat Dec 22 21:46:17 CST 2018]; root of context hierarchy
2018-12-22 === [Thread-427] === INFO  === o.s.jmx.export.annotation.AnnotationMBeanExporter ==== Unregistering JMX-exposed beans on shutdown
2018-12-22 === [restartedMain] === INFO  === c.s.springboot.SpringBootWebRestfulcrudApplication ==== Starting SpringBootWebRestfulcrudApplication on PV-3 with PID 6936 (E:\java\git\demo\spring-boot-web-restfulcrud\spring-boot-web-restfulcrud\target\classes started by Administrator in E:\java\git\demo\spring-boot-web-restfulcrud\spring-boot-web-restfulcrud)
2018-12-22 === [restartedMain] === DEBUG === c.s.springboot.SpringBootWebRestfulcrudApplication ==== Running with Spring Boot v1.5.10.RELEASE, Spring v4.3.14.RELEASE
2018-12-22 === [restartedMain] === INFO  === c.s.springboot.SpringBootWebRestfulcrudApplication ==== No active profile set, falling back to default profiles: default
2018-12-22 === [restartedMain] === INFO  === o.s.b.c.e.AnnotationConfigEmbeddedWebApplicationContext ==== Refreshing org.springframework.boot.context.embedded.AnnotationConfigEmbeddedWebApplicationContext@46dc3ff8: startup date [Sat Dec 22 21:55:17 CST 2018]; root of context hierarchy
2018-12-22 === [restartedMain] === INFO  === o.s.b.c.e.tomcat.TomcatEmbeddedServletContainer ==== Tomcat initialized with port(s): 8080 (http)
2018-12-22 === [restartedMain] === INFO  === org.apache.catalina.core.StandardService ==== Starting service [Tomcat]
2018-12-22 === [restartedMain] === INFO  === org.apache.catalina.core.StandardEngine ==== Starting Servlet Engine: Apache Tomcat/8.5.27
2018-12-22 === [localhost-startStop-1] === INFO  === o.a.c.c.C.[Tomcat-7].[localhost].[/crud] ==== Initializing Spring embedded WebApplicationContext
2018-12-22 === [localhost-startStop-1] === INFO  === org.springframework.web.context.ContextLoader ==== Root WebApplicationContext: initialization completed in 348 ms
2018-12-22 === [localhost-startStop-1] === INFO  === o.s.boot.web.servlet.ServletRegistrationBean ==== Mapping servlet: 'dispatcherServlet' to [/]
2018-12-22 === [localhost-startStop-1] === INFO  === o.s.boot.web.servlet.FilterRegistrationBean ==== Mapping filter: 'characterEncodingFilter' to: [/*]
2018-12-22 === [localhost-startStop-1] === INFO  === o.s.boot.web.servlet.FilterRegistrationBean ==== Mapping filter: 'hiddenHttpMethodFilter' to: [/*]
2018-12-22 === [localhost-startStop-1] === INFO  === o.s.boot.web.servlet.FilterRegistrationBean ==== Mapping filter: 'httpPutFormContentFilter' to: [/*]
2018-12-22 === [localhost-startStop-1] === INFO  === o.s.boot.web.servlet.FilterRegistrationBean ==== Mapping filter: 'requestContextFilter' to: [/*]
2018-12-22 === [restartedMain] === INFO  === o.s.w.s.m.m.a.RequestMappingHandlerAdapter ==== Looking for @ControllerAdvice: org.springframework.boot.context.embedded.AnnotationConfigEmbeddedWebApplicationContext@46dc3ff8: startup date [Sat Dec 22 21:55:17 CST 2018]; root of context hierarchy
2018-12-22 === [restartedMain] === INFO  === o.s.w.s.m.m.a.RequestMappingHandlerMapping ==== Mapped "{[/emps],methods=[GET]}" onto public java.lang.String com.swdeve.springboot.controller.EmpController.list(org.springframework.ui.Model)
2018-12-22 === [restartedMain] === INFO  === o.s.w.s.m.m.a.RequestMappingHandlerMapping ==== Mapped "{[/success]}" onto public java.lang.String com.swdeve.springboot.controller.HelloController.success(java.util.Map<java.lang.String, java.lang.Object>)
2018-12-22 === [restartedMain] === INFO  === o.s.w.s.m.m.a.RequestMappingHandlerMapping ==== Mapped "{[/hello]}" onto public java.lang.String com.swdeve.springboot.controller.HelloController.hello()
2018-12-22 === [restartedMain] === INFO  === o.s.w.s.m.m.a.RequestMappingHandlerMapping ==== Mapped "{[/user/login],methods=[POST]}" onto public java.lang.String com.swdeve.springboot.controller.LoginController.dashboard(java.lang.String,java.lang.String,java.util.Map<java.lang.String, java.lang.Object>,javax.servlet.http.HttpSession)
2018-12-22 === [restartedMain] === INFO  === o.s.w.s.m.m.a.RequestMappingHandlerMapping ==== Mapped "{[/error]}" onto public org.springframework.http.ResponseEntity<java.util.Map<java.lang.String, java.lang.Object>> org.springframework.boot.autoconfigure.web.BasicErrorController.error(javax.servlet.http.HttpServletRequest)
2018-12-22 === [restartedMain] === INFO  === o.s.w.s.m.m.a.RequestMappingHandlerMapping ==== Mapped "{[/error],produces=[text/html]}" onto public org.springframework.web.servlet.ModelAndView org.springframework.boot.autoconfigure.web.BasicErrorController.errorHtml(javax.servlet.http.HttpServletRequest,javax.servlet.http.HttpServletResponse)
2018-12-22 === [restartedMain] === INFO  === o.s.web.servlet.handler.SimpleUrlHandlerMapping ==== Mapped URL path [/swdeve] onto handler of type [class org.springframework.web.servlet.mvc.ParameterizableViewController]
2018-12-22 === [restartedMain] === INFO  === o.s.web.servlet.handler.SimpleUrlHandlerMapping ==== Root mapping to handler of type [class org.springframework.web.servlet.mvc.ParameterizableViewController]
2018-12-22 === [restartedMain] === INFO  === o.s.web.servlet.handler.SimpleUrlHandlerMapping ==== Mapped URL path [/index] onto handler of type [class org.springframework.web.servlet.mvc.ParameterizableViewController]
2018-12-22 === [restartedMain] === INFO  === o.s.web.servlet.handler.SimpleUrlHandlerMapping ==== Mapped URL path [/index.html] onto handler of type [class org.springframework.web.servlet.mvc.ParameterizableViewController]
2018-12-22 === [restartedMain] === INFO  === o.s.web.servlet.handler.SimpleUrlHandlerMapping ==== Mapped URL path [/main.html] onto handler of type [class org.springframework.web.servlet.mvc.ParameterizableViewController]
2018-12-22 === [restartedMain] === INFO  === o.s.web.servlet.handler.SimpleUrlHandlerMapping ==== Mapped URL path [/webjars/**] onto handler of type [class org.springframework.web.servlet.resource.ResourceHttpRequestHandler]
2018-12-22 === [restartedMain] === INFO  === o.s.web.servlet.handler.SimpleUrlHandlerMapping ==== Mapped URL path [/**] onto handler of type [class org.springframework.web.servlet.resource.ResourceHttpRequestHandler]
2018-12-22 === [restartedMain] === INFO  === o.s.web.servlet.handler.SimpleUrlHandlerMapping ==== Mapped URL path [/**/favicon.ico] onto handler of type [class org.springframework.web.servlet.resource.ResourceHttpRequestHandler]
2018-12-22 === [restartedMain] === WARN  === org.thymeleaf.templatemode.TemplateMode ==== [THYMELEAF][restartedMain] Template Mode 'HTML5' is deprecated. Using Template Mode 'HTML' instead.
2018-12-22 === [restartedMain] === INFO  === o.s.b.a.w.WebMvcAutoConfiguration$WelcomePageHandlerMapping ==== Adding welcome page: class path resource [public/index.html]
2018-12-22 === [restartedMain] === INFO  === o.s.b.d.autoconfigure.OptionalLiveReloadServer ==== LiveReload server is running on port 35729
2018-12-22 === [restartedMain] === INFO  === o.s.jmx.export.annotation.AnnotationMBeanExporter ==== Registering beans for JMX exposure on startup
2018-12-22 === [restartedMain] === INFO  === o.s.b.c.e.tomcat.TomcatEmbeddedServletContainer ==== Tomcat started on port(s): 8080 (http)
2018-12-22 === [restartedMain] === INFO  === c.s.springboot.SpringBootWebRestfulcrudApplication ==== Started SpringBootWebRestfulcrudApplication in 0.56 seconds (JVM running for 15033.616)
2018-12-22 === [main] === INFO  === c.s.s.SpringBootWebRestfulcrudApplicationTests ==== Starting SpringBootWebRestfulcrudApplicationTests on PV-3 with PID 17180 (started by Administrator in E:\java\git\demo\spring-boot-web-restfulcrud\spring-boot-web-restfulcrud)
2018-12-22 === [main] === DEBUG === c.s.s.SpringBootWebRestfulcrudApplicationTests ==== Running with Spring Boot v1.5.10.RELEASE, Spring v4.3.14.RELEASE
2018-12-22 === [main] === INFO  === c.s.s.SpringBootWebRestfulcrudApplicationTests ==== No active profile set, falling back to default profiles: default
2018-12-22 === [main] === INFO  === o.s.w.context.support.GenericWebApplicationContext ==== Refreshing org.springframework.web.context.support.GenericWebApplicationContext@ed7f8b4: startup date [Sat Dec 22 21:55:38 CST 2018]; root of context hierarchy
2018-12-22 === [main] === INFO  === o.s.w.s.m.m.a.RequestMappingHandlerAdapter ==== Looking for @ControllerAdvice: org.springframework.web.context.support.GenericWebApplicationContext@ed7f8b4: startup date [Sat Dec 22 21:55:38 CST 2018]; root of context hierarchy
2018-12-22 === [main] === INFO  === o.s.w.s.m.m.a.RequestMappingHandlerMapping ==== Mapped "{[/emps],methods=[GET]}" onto public java.lang.String com.swdeve.springboot.controller.EmpController.list(org.springframework.ui.Model)
2018-12-22 === [main] === INFO  === o.s.w.s.m.m.a.RequestMappingHandlerMapping ==== Mapped "{[/success]}" onto public java.lang.String com.swdeve.springboot.controller.HelloController.success(java.util.Map<java.lang.String, java.lang.Object>)
2018-12-22 === [main] === INFO  === o.s.w.s.m.m.a.RequestMappingHandlerMapping ==== Mapped "{[/hello]}" onto public java.lang.String com.swdeve.springboot.controller.HelloController.hello()
2018-12-22 === [main] === INFO  === o.s.w.s.m.m.a.RequestMappingHandlerMapping ==== Mapped "{[/user/login],methods=[POST]}" onto public java.lang.String com.swdeve.springboot.controller.LoginController.dashboard(java.lang.String,java.lang.String,java.util.Map<java.lang.String, java.lang.Object>,javax.servlet.http.HttpSession)
2018-12-22 === [main] === INFO  === o.s.w.s.m.m.a.RequestMappingHandlerMapping ==== Mapped "{[/error]}" onto public org.springframework.http.ResponseEntity<java.util.Map<java.lang.String, java.lang.Object>> org.springframework.boot.autoconfigure.web.BasicErrorController.error(javax.servlet.http.HttpServletRequest)
2018-12-22 === [main] === INFO  === o.s.w.s.m.m.a.RequestMappingHandlerMapping ==== Mapped "{[/error],produces=[text/html]}" onto public org.springframework.web.servlet.ModelAndView org.springframework.boot.autoconfigure.web.BasicErrorController.errorHtml(javax.servlet.http.HttpServletRequest,javax.servlet.http.HttpServletResponse)
2018-12-22 === [main] === INFO  === o.s.web.servlet.handler.SimpleUrlHandlerMapping ==== Mapped URL path [/swdeve] onto handler of type [class org.springframework.web.servlet.mvc.ParameterizableViewController]
2018-12-22 === [main] === INFO  === o.s.web.servlet.handler.SimpleUrlHandlerMapping ==== Root mapping to handler of type [class org.springframework.web.servlet.mvc.ParameterizableViewController]
2018-12-22 === [main] === INFO  === o.s.web.servlet.handler.SimpleUrlHandlerMapping ==== Mapped URL path [/index] onto handler of type [class org.springframework.web.servlet.mvc.ParameterizableViewController]
2018-12-22 === [main] === INFO  === o.s.web.servlet.handler.SimpleUrlHandlerMapping ==== Mapped URL path [/index.html] onto handler of type [class org.springframework.web.servlet.mvc.ParameterizableViewController]
2018-12-22 === [main] === INFO  === o.s.web.servlet.handler.SimpleUrlHandlerMapping ==== Mapped URL path [/main.html] onto handler of type [class org.springframework.web.servlet.mvc.ParameterizableViewController]
2018-12-22 === [main] === INFO  === o.s.web.servlet.handler.SimpleUrlHandlerMapping ==== Mapped URL path [/webjars/**] onto handler of type [class org.springframework.web.servlet.resource.ResourceHttpRequestHandler]
2018-12-22 === [main] === INFO  === o.s.web.servlet.handler.SimpleUrlHandlerMapping ==== Mapped URL path [/**] onto handler of type [class org.springframework.web.servlet.resource.ResourceHttpRequestHandler]
2018-12-22 === [main] === INFO  === o.s.web.servlet.handler.SimpleUrlHandlerMapping ==== Mapped URL path [/**/favicon.ico] onto handler of type [class org.springframework.web.servlet.resource.ResourceHttpRequestHandler]
2018-12-22 === [main] === WARN  === org.thymeleaf.templatemode.TemplateMode ==== [THYMELEAF][main] Template Mode 'HTML5' is deprecated. Using Template Mode 'HTML' instead.
2018-12-22 === [main] === INFO  === o.s.b.a.w.WebMvcAutoConfiguration$WelcomePageHandlerMapping ==== Adding welcome page: ServletContext resource [/index.html]
2018-12-22 === [main] === INFO  === c.s.s.SpringBootWebRestfulcrudApplicationTests ==== Started SpringBootWebRestfulcrudApplicationTests in 4.392 seconds (JVM running for 5.495)
2018-12-22 === [main] === TRACE === c.s.s.SpringBootWebRestfulcrudApplicationTests ==== 这是trace日志...
2018-12-22 === [main] === DEBUG === c.s.s.SpringBootWebRestfulcrudApplicationTests ==== 这是debug日志...
2018-12-22 === [main] === INFO  === c.s.s.SpringBootWebRestfulcrudApplicationTests ==== 这是info日志...
2018-12-22 === [main] === WARN  === c.s.s.SpringBootWebRestfulcrudApplicationTests ==== 这是warn日志...
2018-12-22 === [main] === ERROR === c.s.s.SpringBootWebRestfulcrudApplicationTests ==== 这是error日志...
2018-12-22 === [Thread-3] === INFO  === o.s.w.context.support.GenericWebApplicationContext ==== Closing org.springframework.web.context.support.GenericWebApplicationContext@ed7f8b4: startup date [Sat Dec 22 21:55:38 CST 2018]; root of context hierarchy
2018-12-22 === [Thread-463] === INFO  === o.s.b.c.e.AnnotationConfigEmbeddedWebApplicationContext ==== Closing org.springframework.boot.context.embedded.AnnotationConfigEmbeddedWebApplicationContext@46dc3ff8: startup date [Sat Dec 22 21:55:17 CST 2018]; root of context hierarchy
2018-12-22 === [Thread-463] === INFO  === o.s.jmx.export.annotation.AnnotationMBeanExporter ==== Unregistering JMX-exposed beans on shutdown
2018-12-22 === [restartedMain] === INFO  === c.s.springboot.SpringBootWebRestfulcrudApplication ==== Starting SpringBootWebRestfulcrudApplication on PV-3 with PID 6936 (E:\java\git\demo\spring-boot-web-restfulcrud\spring-boot-web-restfulcrud\target\classes started by Administrator in E:\java\git\demo\spring-boot-web-restfulcrud\spring-boot-web-restfulcrud)
2018-12-22 === [restartedMain] === DEBUG === c.s.springboot.SpringBootWebRestfulcrudApplication ==== Running with Spring Boot v1.5.10.RELEASE, Spring v4.3.14.RELEASE
2018-12-22 === [restartedMain] === INFO  === c.s.springboot.SpringBootWebRestfulcrudApplication ==== No active profile set, falling back to default profiles: default
2018-12-22 === [restartedMain] === INFO  === o.s.b.c.e.AnnotationConfigEmbeddedWebApplicationContext ==== Refreshing org.springframework.boot.context.embedded.AnnotationConfigEmbeddedWebApplicationContext@66c46: startup date [Sat Dec 22 22:08:01 CST 2018]; root of context hierarchy
2018-12-22 === [restartedMain] === INFO  === o.s.b.c.e.tomcat.TomcatEmbeddedServletContainer ==== Tomcat initialized with port(s): 8080 (http)
2018-12-22 === [restartedMain] === INFO  === org.apache.catalina.core.StandardService ==== Starting service [Tomcat]
2018-12-22 === [restartedMain] === INFO  === org.apache.catalina.core.StandardEngine ==== Starting Servlet Engine: Apache Tomcat/8.5.27
2018-12-22 === [localhost-startStop-1] === INFO  === o.a.c.c.C.[Tomcat-7].[localhost].[/crud] ==== Initializing Spring embedded WebApplicationContext
2018-12-22 === [localhost-startStop-1] === INFO  === org.springframework.web.context.ContextLoader ==== Root WebApplicationContext: initialization completed in 568 ms
2018-12-22 === [localhost-startStop-1] === INFO  === o.s.boot.web.servlet.ServletRegistrationBean ==== Mapping servlet: 'dispatcherServlet' to [/]
2018-12-22 === [localhost-startStop-1] === INFO  === o.s.boot.web.servlet.FilterRegistrationBean ==== Mapping filter: 'characterEncodingFilter' to: [/*]
2018-12-22 === [localhost-startStop-1] === INFO  === o.s.boot.web.servlet.FilterRegistrationBean ==== Mapping filter: 'hiddenHttpMethodFilter' to: [/*]
2018-12-22 === [localhost-startStop-1] === INFO  === o.s.boot.web.servlet.FilterRegistrationBean ==== Mapping filter: 'httpPutFormContentFilter' to: [/*]
2018-12-22 === [localhost-startStop-1] === INFO  === o.s.boot.web.servlet.FilterRegistrationBean ==== Mapping filter: 'requestContextFilter' to: [/*]
2018-12-22 === [restartedMain] === INFO  === o.s.w.s.m.m.a.RequestMappingHandlerAdapter ==== Looking for @ControllerAdvice: org.springframework.boot.context.embedded.AnnotationConfigEmbeddedWebApplicationContext@66c46: startup date [Sat Dec 22 22:08:01 CST 2018]; root of context hierarchy
2018-12-22 === [restartedMain] === INFO  === o.s.w.s.m.m.a.RequestMappingHandlerMapping ==== Mapped "{[/emps],methods=[GET]}" onto public java.lang.String com.swdeve.springboot.controller.EmpController.list(org.springframework.ui.Model)
2018-12-22 === [restartedMain] === INFO  === o.s.w.s.m.m.a.RequestMappingHandlerMapping ==== Mapped "{[/success]}" onto public java.lang.String com.swdeve.springboot.controller.HelloController.success(java.util.Map<java.lang.String, java.lang.Object>)
2018-12-22 === [restartedMain] === INFO  === o.s.w.s.m.m.a.RequestMappingHandlerMapping ==== Mapped "{[/hello]}" onto public java.lang.String com.swdeve.springboot.controller.HelloController.hello()
2018-12-22 === [restartedMain] === INFO  === o.s.w.s.m.m.a.RequestMappingHandlerMapping ==== Mapped "{[/user/login],methods=[POST]}" onto public java.lang.String com.swdeve.springboot.controller.LoginController.dashboard(java.lang.String,java.lang.String,java.util.Map<java.lang.String, java.lang.Object>,javax.servlet.http.HttpSession)
2018-12-22 === [restartedMain] === INFO  === o.s.w.s.m.m.a.RequestMappingHandlerMapping ==== Mapped "{[/error]}" onto public org.springframework.http.ResponseEntity<java.util.Map<java.lang.String, java.lang.Object>> org.springframework.boot.autoconfigure.web.BasicErrorController.error(javax.servlet.http.HttpServletRequest)
2018-12-22 === [restartedMain] === INFO  === o.s.w.s.m.m.a.RequestMappingHandlerMapping ==== Mapped "{[/error],produces=[text/html]}" onto public org.springframework.web.servlet.ModelAndView org.springframework.boot.autoconfigure.web.BasicErrorController.errorHtml(javax.servlet.http.HttpServletRequest,javax.servlet.http.HttpServletResponse)
2018-12-22 === [restartedMain] === INFO  === o.s.web.servlet.handler.SimpleUrlHandlerMapping ==== Mapped URL path [/swdeve] onto handler of type [class org.springframework.web.servlet.mvc.ParameterizableViewController]
2018-12-22 === [restartedMain] === INFO  === o.s.web.servlet.handler.SimpleUrlHandlerMapping ==== Root mapping to handler of type [class org.springframework.web.servlet.mvc.ParameterizableViewController]
2018-12-22 === [restartedMain] === INFO  === o.s.web.servlet.handler.SimpleUrlHandlerMapping ==== Mapped URL path [/index] onto handler of type [class org.springframework.web.servlet.mvc.ParameterizableViewController]
2018-12-22 === [restartedMain] === INFO  === o.s.web.servlet.handler.SimpleUrlHandlerMapping ==== Mapped URL path [/index.html] onto handler of type [class org.springframework.web.servlet.mvc.ParameterizableViewController]
2018-12-22 === [restartedMain] === INFO  === o.s.web.servlet.handler.SimpleUrlHandlerMapping ==== Mapped URL path [/main.html] onto handler of type [class org.springframework.web.servlet.mvc.ParameterizableViewController]
2018-12-22 === [restartedMain] === INFO  === o.s.web.servlet.handler.SimpleUrlHandlerMapping ==== Mapped URL path [/webjars/**] onto handler of type [class org.springframework.web.servlet.resource.ResourceHttpRequestHandler]
2018-12-22 === [restartedMain] === INFO  === o.s.web.servlet.handler.SimpleUrlHandlerMapping ==== Mapped URL path [/**] onto handler of type [class org.springframework.web.servlet.resource.ResourceHttpRequestHandler]
2018-12-22 === [restartedMain] === INFO  === o.s.web.servlet.handler.SimpleUrlHandlerMapping ==== Mapped URL path [/**/favicon.ico] onto handler of type [class org.springframework.web.servlet.resource.ResourceHttpRequestHandler]
2018-12-22 === [restartedMain] === WARN  === org.thymeleaf.templatemode.TemplateMode ==== [THYMELEAF][restartedMain] Template Mode 'HTML5' is deprecated. Using Template Mode 'HTML' instead.
2018-12-22 === [restartedMain] === INFO  === o.s.b.a.w.WebMvcAutoConfiguration$WelcomePageHandlerMapping ==== Adding welcome page: class path resource [public/index.html]
2018-12-22 === [restartedMain] === INFO  === o.s.b.d.autoconfigure.OptionalLiveReloadServer ==== LiveReload server is running on port 35729
2018-12-22 === [restartedMain] === INFO  === o.s.jmx.export.annotation.AnnotationMBeanExporter ==== Registering beans for JMX exposure on startup
2018-12-22 === [restartedMain] === INFO  === o.s.b.c.e.tomcat.TomcatEmbeddedServletContainer ==== Tomcat started on port(s): 8080 (http)
2018-12-22 === [restartedMain] === INFO  === c.s.springboot.SpringBootWebRestfulcrudApplication ==== Started SpringBootWebRestfulcrudApplication in 0.867 seconds (JVM running for 15797.927)
2018-12-22 === [Thread-469] === INFO  === o.s.b.c.e.AnnotationConfigEmbeddedWebApplicationContext ==== Closing org.springframework.boot.context.embedded.AnnotationConfigEmbeddedWebApplicationContext@66c46: startup date [Sat Dec 22 22:08:01 CST 2018]; root of context hierarchy
2018-12-22 === [Thread-469] === INFO  === o.s.jmx.export.annotation.AnnotationMBeanExporter ==== Unregistering JMX-exposed beans on shutdown
2018-12-22 === [restartedMain] === INFO  === c.s.springboot.SpringBootWebRestfulcrudApplication ==== Starting SpringBootWebRestfulcrudApplication on PV-3 with PID 6936 (E:\java\git\demo\spring-boot-web-restfulcrud\spring-boot-web-restfulcrud\target\classes started by Administrator in E:\java\git\demo\spring-boot-web-restfulcrud\spring-boot-web-restfulcrud)
2018-12-22 === [restartedMain] === DEBUG === c.s.springboot.SpringBootWebRestfulcrudApplication ==== Running with Spring Boot v1.5.10.RELEASE, Spring v4.3.14.RELEASE
2018-12-22 === [restartedMain] === INFO  === c.s.springboot.SpringBootWebRestfulcrudApplication ==== No active profile set, falling back to default profiles: default
2018-12-22 === [restartedMain] === INFO  === o.s.b.c.e.AnnotationConfigEmbeddedWebApplicationContext ==== Refreshing org.springframework.boot.context.embedded.AnnotationConfigEmbeddedWebApplicationContext@63396d61: startup date [Sat Dec 22 22:08:06 CST 2018]; root of context hierarchy
2018-12-22 === [restartedMain] === INFO  === o.s.b.c.e.tomcat.TomcatEmbeddedServletContainer ==== Tomcat initialized with port(s): 8080 (http)
2018-12-22 === [restartedMain] === INFO  === org.apache.catalina.core.StandardService ==== Starting service [Tomcat]
2018-12-22 === [restartedMain] === INFO  === org.apache.catalina.core.StandardEngine ==== Starting Servlet Engine: Apache Tomcat/8.5.27
2018-12-22 === [localhost-startStop-1] === INFO  === o.a.c.c.C.[Tomcat-7].[localhost].[/crud] ==== Initializing Spring embedded WebApplicationContext
2018-12-22 === [localhost-startStop-1] === INFO  === org.springframework.web.context.ContextLoader ==== Root WebApplicationContext: initialization completed in 563 ms
2018-12-22 === [localhost-startStop-1] === INFO  === o.s.boot.web.servlet.ServletRegistrationBean ==== Mapping servlet: 'dispatcherServlet' to [/]
2018-12-22 === [localhost-startStop-1] === INFO  === o.s.boot.web.servlet.FilterRegistrationBean ==== Mapping filter: 'characterEncodingFilter' to: [/*]
2018-12-22 === [localhost-startStop-1] === INFO  === o.s.boot.web.servlet.FilterRegistrationBean ==== Mapping filter: 'hiddenHttpMethodFilter' to: [/*]
2018-12-22 === [localhost-startStop-1] === INFO  === o.s.boot.web.servlet.FilterRegistrationBean ==== Mapping filter: 'httpPutFormContentFilter' to: [/*]
2018-12-22 === [localhost-startStop-1] === INFO  === o.s.boot.web.servlet.FilterRegistrationBean ==== Mapping filter: 'requestContextFilter' to: [/*]
2018-12-22 === [restartedMain] === INFO  === o.s.w.s.m.m.a.RequestMappingHandlerAdapter ==== Looking for @ControllerAdvice: org.springframework.boot.context.embedded.AnnotationConfigEmbeddedWebApplicationContext@63396d61: startup date [Sat Dec 22 22:08:06 CST 2018]; root of context hierarchy
2018-12-22 === [restartedMain] === INFO  === o.s.w.s.m.m.a.RequestMappingHandlerMapping ==== Mapped "{[/emps],methods=[GET]}" onto public java.lang.String com.swdeve.springboot.controller.EmpController.list(org.springframework.ui.Model)
2018-12-22 === [restartedMain] === INFO  === o.s.w.s.m.m.a.RequestMappingHandlerMapping ==== Mapped "{[/success]}" onto public java.lang.String com.swdeve.springboot.controller.HelloController.success(java.util.Map<java.lang.String, java.lang.Object>)
2018-12-22 === [restartedMain] === INFO  === o.s.w.s.m.m.a.RequestMappingHandlerMapping ==== Mapped "{[/hello]}" onto public java.lang.String com.swdeve.springboot.controller.HelloController.hello()
2018-12-22 === [restartedMain] === INFO  === o.s.w.s.m.m.a.RequestMappingHandlerMapping ==== Mapped "{[/user/login],methods=[POST]}" onto public java.lang.String com.swdeve.springboot.controller.LoginController.dashboard(java.lang.String,java.lang.String,java.util.Map<java.lang.String, java.lang.Object>,javax.servlet.http.HttpSession)
2018-12-22 === [restartedMain] === INFO  === o.s.w.s.m.m.a.RequestMappingHandlerMapping ==== Mapped "{[/error]}" onto public org.springframework.http.ResponseEntity<java.util.Map<java.lang.String, java.lang.Object>> org.springframework.boot.autoconfigure.web.BasicErrorController.error(javax.servlet.http.HttpServletRequest)
2018-12-22 === [restartedMain] === INFO  === o.s.w.s.m.m.a.RequestMappingHandlerMapping ==== Mapped "{[/error],produces=[text/html]}" onto public org.springframework.web.servlet.ModelAndView org.springframework.boot.autoconfigure.web.BasicErrorController.errorHtml(javax.servlet.http.HttpServletRequest,javax.servlet.http.HttpServletResponse)
2018-12-22 === [restartedMain] === INFO  === o.s.web.servlet.handler.SimpleUrlHandlerMapping ==== Mapped URL path [/swdeve] onto handler of type [class org.springframework.web.servlet.mvc.ParameterizableViewController]
2018-12-22 === [restartedMain] === INFO  === o.s.web.servlet.handler.SimpleUrlHandlerMapping ==== Root mapping to handler of type [class org.springframework.web.servlet.mvc.ParameterizableViewController]
2018-12-22 === [restartedMain] === INFO  === o.s.web.servlet.handler.SimpleUrlHandlerMapping ==== Mapped URL path [/index] onto handler of type [class org.springframework.web.servlet.mvc.ParameterizableViewController]
2018-12-22 === [restartedMain] === INFO  === o.s.web.servlet.handler.SimpleUrlHandlerMapping ==== Mapped URL path [/index.html] onto handler of type [class org.springframework.web.servlet.mvc.ParameterizableViewController]
2018-12-22 === [restartedMain] === INFO  === o.s.web.servlet.handler.SimpleUrlHandlerMapping ==== Mapped URL path [/main.html] onto handler of type [class org.springframework.web.servlet.mvc.ParameterizableViewController]
2018-12-22 === [restartedMain] === INFO  === o.s.web.servlet.handler.SimpleUrlHandlerMapping ==== Mapped URL path [/webjars/**] onto handler of type [class org.springframework.web.servlet.resource.ResourceHttpRequestHandler]
2018-12-22 === [restartedMain] === INFO  === o.s.web.servlet.handler.SimpleUrlHandlerMapping ==== Mapped URL path [/**] onto handler of type [class org.springframework.web.servlet.resource.ResourceHttpRequestHandler]
2018-12-22 === [restartedMain] === INFO  === o.s.web.servlet.handler.SimpleUrlHandlerMapping ==== Mapped URL path [/**/favicon.ico] onto handler of type [class org.springframework.web.servlet.resource.ResourceHttpRequestHandler]
2018-12-22 === [restartedMain] === WARN  === org.thymeleaf.templatemode.TemplateMode ==== [THYMELEAF][restartedMain] Template Mode 'HTML5' is deprecated. Using Template Mode 'HTML' instead.
2018-12-22 === [restartedMain] === INFO  === o.s.b.a.w.WebMvcAutoConfiguration$WelcomePageHandlerMapping ==== Adding welcome page: class path resource [public/index.html]
2018-12-22 === [restartedMain] === INFO  === o.s.b.d.autoconfigure.OptionalLiveReloadServer ==== LiveReload server is running on port 35729
2018-12-22 === [restartedMain] === INFO  === o.s.jmx.export.annotation.AnnotationMBeanExporter ==== Registering beans for JMX exposure on startup
2018-12-22 === [restartedMain] === INFO  === o.s.b.c.e.tomcat.TomcatEmbeddedServletContainer ==== Tomcat started on port(s): 8080 (http)
2018-12-22 === [restartedMain] === INFO  === c.s.springboot.SpringBootWebRestfulcrudApplication ==== Started SpringBootWebRestfulcrudApplication in 0.944 seconds (JVM running for 15802.482)
